<?xml version="1.0" encoding="UTF-8"?>
<!-- Generated by org.testng.reporters.JUnitXMLReporter -->
<testsuite ignored="0" hostname="DESKTOP-4MME89E" failures="0" tests="3" name="Test" time="26.838" errors="0" timestamp="2025-03-04T18:17:58 IST">
  <testcase classname="transcoderNew.InsertLogo" name="InsertLogoAdd" time="7.766"/>
  <testcase classname="transcoderNew.InsertLogo" name="insertLogoEdit" time="5.81"/>
  <testcase classname="transcoderNew.InsertLogo" name="insertLogoSearch" time="4.412"/>
</testsuite> <!-- Test -->
