<?xml version="1.0" encoding="UTF-8"?>
<!-- Generated by org.testng.reporters.JUnitXMLReporter -->
<testsuite ignored="0" hostname="DESKTOP-4MME89E" failures="0" tests="6" name="Transcoder" time="43.399" errors="0" timestamp="2025-02-27T18:31:47 IST">
  <testcase classname="transcoderNew.ExtractingFrames" name="ExtractingFramesAdd" time="8.427"/>
  <testcase classname="transcoderNew.ExtractAudio" name="extractAudioAdd" time="11.985"/>
  <testcase classname="transcoderNew.ExtractingFrames" name="ExtractingFramesEdit" time="9.998"/>
  <testcase classname="transcoderNew.ExtractAudio" name="extractAudioEdit" time="8.95"/>
  <testcase classname="transcoderNew.ExtractingFrames" name="ExtractingFramesSearch" time="10.246"/>
  <testcase classname="transcoderNew.ExtractAudio" name="extractAudioSearch" time="7.931"/>
</testsuite> <!-- Transcoder -->
